# JRE version: OpenJDK Runtime Environment (8.0_152-b01) (build 1.8.0_152-release-1343-b01)
# Java VM: OpenJDK 64-Bit Server VM (25.152-b01 mixed mode bsd-amd64 compressed oops)
Heap:
 PSYoungGen      total 433152K, used 433137K [0x00000007a0000000, 0x00000007c0000000, 0x00000007c0000000)
  eden space 381952K, 100% used [0x00000007a0000000,0x00000007b7500000,0x00000007b7500000)
  from space 51200K, 99% used [0x00000007b7500000,0x00000007ba6fc698,0x00000007ba700000)
  to   space 61440K, 17% used [0x00000007bc400000,0x00000007bce60528,0x00000007c0000000)
 ParOldGen       total 221696K, used 107392K [0x0000000760000000, 0x000000076d880000, 0x00000007a0000000)
  object space 221696K, 48% used [0x0000000760000000,0x00000007668e0258,0x000000076d880000)
 Metaspace       used 108391K, capacity 113410K, committed 113536K, reserved 1148928K
  class space    used 13860K, capacity 14890K, committed 14976K, reserved 1048576K
GC Heap History (10 events):
Event: 816.156 GC heap after
Heap after GC invocations=13 (full 3):
 PSYoungGen      total 336896K, used 30711K [0x00000007a0000000, 0x00000007bb680000, 0x00000007c0000000)
  eden space 306176K, 0% used [0x00000007a0000000,0x00000007a0000000,0x00000007b2b00000)
  from space 30720K, 99% used [0x00000007b9880000,0x00000007bb67df60,0x00000007bb680000)
  to   space 39936K, 0% used [0x00000007b6880000,0x00000007b6880000,0x00000007b8f80000)
 ParOldGen       total 135168K, used 51176K [0x0000000760000000, 0x0000000768400000, 0x00000007a0000000)
  object space 135168K, 37% used [0x0000000760000000,0x00000007631fa3c0,0x0000000768400000)
 Metaspace       used 80946K, capacity 84330K, committed 84608K, reserved 1122304K
  class space    used 10583K, capacity 11330K, committed 11392K, reserved 1048576K
}
Event: 820.113 GC heap before
{Heap before GC invocations=14 (full 3):
 PSYoungGen      total 336896K, used 261952K [0x00000007a0000000, 0x00000007bb680000, 0x00000007c0000000)
  eden space 306176K, 75% used [0x00000007a0000000,0x00000007ae1d2220,0x00000007b2b00000)
  from space 30720K, 99% used [0x00000007b9880000,0x00000007bb67df60,0x00000007bb680000)
  to   space 39936K, 0% used [0x00000007b6880000,0x00000007b6880000,0x00000007b8f80000)
 ParOldGen       total 135168K, used 51176K [0x0000000760000000, 0x0000000768400000, 0x00000007a0000000)
  object space 135168K, 37% used [0x0000000760000000,0x00000007631fa3c0,0x0000000768400000)
 Metaspace       used 94560K, capacity 98460K, committed 98560K, reserved 1134592K
  class space    used 12462K, capacity 13275K, committed 13312K, reserved 1048576K
Event: 820.190 GC heap after
Heap after GC invocations=14 (full 3):
 PSYoungGen      total 409088K, used 39928K [0x00000007a0000000, 0x00000007bda00000, 0x00000007c0000000)
  eden space 369152K, 0% used [0x00000007a0000000,0x00000007a0000000,0x00000007b6880000)
  from space 39936K, 99% used [0x00000007b6880000,0x00000007b8f7e218,0x00000007b8f80000)
  to   space 52224K, 0% used [0x00000007ba700000,0x00000007ba700000,0x00000007bda00000)
 ParOldGen       total 135168K, used 67105K [0x0000000760000000, 0x0000000768400000, 0x00000007a0000000)
  object space 135168K, 49% used [0x0000000760000000,0x0000000764188608,0x0000000768400000)
 Metaspace       used 94560K, capacity 98460K, committed 98560K, reserved 1134592K
  class space    used 12462K, capacity 13275K, committed 13312K, reserved 1048576K
}
Event: 820.190 GC heap before
{Heap before GC invocations=15 (full 4):
 PSYoungGen      total 409088K, used 39928K [0x00000007a0000000, 0x00000007bda00000, 0x00000007c0000000)
  eden space 369152K, 0% used [0x00000007a0000000,0x00000007a0000000,0x00000007b6880000)
  from space 39936K, 99% used [0x00000007b6880000,0x00000007b8f7e218,0x00000007b8f80000)
  to   space 52224K, 0% used [0x00000007ba700000,0x00000007ba700000,0x00000007bda00000)
 ParOldGen       total 135168K, used 67105K [0x0000000760000000, 0x0000000768400000, 0x00000007a0000000)
  object space 135168K, 49% used [0x0000000760000000,0x0000000764188608,0x0000000768400000)
 Metaspace       used 94560K, capacity 98460K, committed 98560K, reserved 1134592K
  class space    used 12462K, capacity 13275K, committed 13312K, reserved 1048576K
Event: 820.468 GC heap after
Heap after GC invocations=15 (full 4):
 PSYoungGen      total 409088K, used 0K [0x00000007a0000000, 0x00000007bda00000, 0x00000007c0000000)
  eden space 369152K, 0% used [0x00000007a0000000,0x00000007a0000000,0x00000007b6880000)
  from space 39936K, 0% used [0x00000007b6880000,0x00000007b6880000,0x00000007b8f80000)
  to   space 52224K, 0% used [0x00000007ba700000,0x00000007ba700000,0x00000007bda00000)
 ParOldGen       total 221696K, used 83025K [0x0000000760000000, 0x000000076d880000, 0x00000007a0000000)
  object space 221696K, 37% used [0x0000000760000000,0x0000000765114538,0x000000076d880000)
 Metaspace       used 94560K, capacity 98460K, committed 98560K, reserved 1134592K
  class space    used 12462K, capacity 13275K, committed 13312K, reserved 1048576K
}
Event: 835.568 GC heap before
{Heap before GC invocations=16 (full 4):
 PSYoungGen      total 409088K, used 369152K [0x00000007a0000000, 0x00000007bda00000, 0x00000007c0000000)
  eden space 369152K, 100% used [0x00000007a0000000,0x00000007b6880000,0x00000007b6880000)
  from space 39936K, 0% used [0x00000007b6880000,0x00000007b6880000,0x00000007b8f80000)
  to   space 52224K, 0% used [0x00000007ba700000,0x00000007ba700000,0x00000007bda00000)
 ParOldGen       total 221696K, used 83025K [0x0000000760000000, 0x000000076d880000, 0x00000007a0000000)
  object space 221696K, 37% used [0x0000000760000000,0x0000000765114538,0x000000076d880000)
 Metaspace       used 98446K, capacity 103213K, committed 103296K, reserved 1138688K
  class space    used 12937K, capacity 13919K, committed 13952K, reserved 1048576K
Event: 835.592 GC heap after
Heap after GC invocations=16 (full 4):
 PSYoungGen      total 434176K, used 26224K [0x00000007a0000000, 0x00000007c0000000, 0x00000007c0000000)
  eden space 381952K, 0% used [0x00000007a0000000,0x00000007a0000000,0x00000007b7500000)
  from space 52224K, 50% used [0x00000007ba700000,0x00000007bc09c180,0x00000007bda00000)
  to   space 51200K, 0% used [0x00000007b7500000,0x00000007b7500000,0x00000007ba700000)
 ParOldGen       total 221696K, used 83033K [0x0000000760000000, 0x000000076d880000, 0x00000007a0000000)
  object space 221696K, 37% used [0x0000000760000000,0x0000000765116538,0x000000076d880000)
 Metaspace       used 98446K, capacity 103213K, committed 103296K, reserved 1138688K
  class space    used 12937K, capacity 13919K, committed 13952K, reserved 1048576K
}
Event: 876.675 GC heap before
{Heap before GC invocations=17 (full 4):
 PSYoungGen      total 434176K, used 408176K [0x00000007a0000000, 0x00000007c0000000, 0x00000007c0000000)
  eden space 381952K, 100% used [0x00000007a0000000,0x00000007b7500000,0x00000007b7500000)
  from space 52224K, 50% used [0x00000007ba700000,0x00000007bc09c180,0x00000007bda00000)
  to   space 51200K, 0% used [0x00000007b7500000,0x00000007b7500000,0x00000007ba700000)
 ParOldGen       total 221696K, used 83033K [0x0000000760000000, 0x000000076d880000, 0x00000007a0000000)
  object space 221696K, 37% used [0x0000000760000000,0x0000000765116538,0x000000076d880000)
 Metaspace       used 102893K, capacity 107839K, committed 108032K, reserved 1142784K
  class space    used 13301K, capacity 14312K, committed 14336K, reserved 1048576K
Event: 876.736 GC heap after
Heap after GC invocations=17 (full 4):
 PSYoungGen      total 433152K, used 51185K [0x00000007a0000000, 0x00000007c0000000, 0x00000007c0000000)
  eden space 381952K, 0% used [0x00000007a0000000,0x00000007a0000000,0x00000007b7500000)
  from space 51200K, 99% used [0x00000007b7500000,0x00000007ba6fc698,0x00000007ba700000)
  to   space 61440K, 0% used [0x00000007bc400000,0x00000007bc400000,0x00000007c0000000)
 ParOldGen       total 221696K, used 88346K [0x0000000760000000, 0x000000076d880000, 0x00000007a0000000)
  object space 221696K, 39% used [0x0000000760000000,0x0000000765646920,0x000000076d880000)
 Metaspace       used 102893K, capacity 107839K, committed 108032K, reserved 1142784K
  class space    used 13301K, capacity 14312K, committed 14336K, reserved 1048576K
}
Event: 911.568 GC heap before
{Heap before GC invocations=18 (full 4):
 PSYoungGen      total 433152K, used 433137K [0x00000007a0000000, 0x00000007c0000000, 0x00000007c0000000)
  eden space 381952K, 100% used [0x00000007a0000000,0x00000007b7500000,0x00000007b7500000)
  from space 51200K, 99% used [0x00000007b7500000,0x00000007ba6fc698,0x00000007ba700000)
  to   space 61440K, 0% used [0x00000007bc400000,0x00000007bc400000,0x00000007c0000000)
 ParOldGen       total 221696K, used 88346K [0x0000000760000000, 0x000000076d880000, 0x00000007a0000000)
  object space 221696K, 39% used [0x0000000760000000,0x0000000765646920,0x000000076d880000)
 Metaspace       used 108391K, capacity 113410K, committed 113536K, reserved 1148928K
  class space    used 13860K, capacity 14890K, committed 14976K, reserved 1048576K

